<?xml version="1.0" encoding="UTF-8"?>
<testng-results ignored="0" total="2" passed="2" failed="0" skipped="0">
  <reporter-output>
  </reporter-output>
  <suite started-at="2022-01-11T20:48:25 IST" name="mytest.VerifyTest" finished-at="2022-01-11T20:48:58 IST" duration-ms="33899">
    <groups>
    </groups>
    <test started-at="2022-01-11T20:48:25 IST" name="Command line test" finished-at="2022-01-11T20:48:58 IST" duration-ms="33899">
      <class name="mytest.VerifyTest">
        <test-method signature="login(java.lang.String,java.lang.String)[pri:0, instance:mytest.VerifyTest@3febb011]" started-at="2022-01-11T20:48:25 IST" name="login" data-provider="dp" finished-at="2022-01-11T20:48:51 IST" duration-ms="26080" status="PASS">
          <params>
            <param index="0">
              <value>
                <![CDATA[tarunkhare@gmail.com]]>
              </value>
            </param>
            <param index="1">
              <value>
                <![CDATA[abcd@1234]]>
              </value>
            </param>
          </params>
          <reporter-output>
          </reporter-output>
        </test-method> <!-- login -->
        <test-method signature="checktitle()[pri:0, instance:mytest.VerifyTest@3febb011]" started-at="2022-01-11T20:48:51 IST" name="checktitle" finished-at="2022-01-11T20:48:58 IST" depends-on-methods="mytest.VerifyTest.login" duration-ms="7711" status="PASS">
          <reporter-output>
          </reporter-output>
        </test-method> <!-- checktitle -->
      </class> <!-- mytest.VerifyTest -->
    </test> <!-- Command line test -->
  </suite> <!-- mytest.VerifyTest -->
</testng-results>
