<?xml version="1.0" encoding="UTF-8"?>
<testng-results ignored="0" total="2" passed="2" failed="0" skipped="0">
  <reporter-output>
  </reporter-output>
  <suite started-at="2022-01-11T13:04:52 IST" name="Default suite" finished-at="2022-01-11T13:05:09 IST" duration-ms="17615">
    <groups>
    </groups>
    <test started-at="2022-01-11T13:04:52 IST" name="Default test" finished-at="2022-01-11T13:05:09 IST" duration-ms="17615">
      <class name="mytest.VerifyTest">
        <test-method signature="login(java.lang.String,java.lang.String)[pri:0, instance:mytest.VerifyTest@2df9b86]" started-at="2022-01-11T13:04:52 IST" name="login" data-provider="dp" finished-at="2022-01-11T13:05:09 IST" duration-ms="16779" status="PASS">
          <params>
            <param index="0">
              <value>
                <![CDATA[tarunkhare@gmail.com]]>
              </value>
            </param>
            <param index="1">
              <value>
                <![CDATA[abcd@1234]]>
              </value>
            </param>
          </params>
          <reporter-output>
          </reporter-output>
        </test-method> <!-- login -->
        <test-method signature="checktitle()[pri:0, instance:mytest.VerifyTest@2df9b86]" started-at="2022-01-11T13:05:09 IST" name="checktitle" finished-at="2022-01-11T13:05:09 IST" depends-on-methods="mytest.VerifyTest.login" duration-ms="651" status="PASS">
          <reporter-output>
          </reporter-output>
        </test-method> <!-- checktitle -->
      </class> <!-- mytest.VerifyTest -->
    </test> <!-- Default test -->
  </suite> <!-- Default suite -->
</testng-results>
